{
  "0 debug pnpm:scope": {
    "selected": 1,
    "workspacePrefix": null
  },
  "1 warn pnpm": {
    "message": "Unsupported engine: wanted: {\"node\":\"10.11.0\"} (current: {\"node\":\"v12.11.1\",\"pnpm\":\"4.0.1\"})",
    "prefix": "/home/lindonjonson/miqueias/2019-behappy-api"
  },
  "2 error pnpm": {
    "message": {
      "errno": 1,
      "code": "ELIFECYCLE",
      "pkgid": "tarefas-api@0.0.1",
      "stage": "start",
      "script": "node bootstrap",
      "pkgname": "tarefas-api"
    },
    "err": {
      "name": "Error",
      "message": "tarefas-api@0.0.1 start: `node bootstrap`\nExit status 1",
      "code": "ELIFECYCLE",
      "stack": "Error: tarefas-api@0.0.1 start: `node bootstrap`\nExit status 1\n    at EventEmitter.<anonymous> (/home/lindonjonson/.nvm/versions/node/v12.11.1/lib/node_modules/pnpm/lib/node_modules/@zkochan/npm-lifecycle/index.js:302:16)\n    at EventEmitter.emit (events.js:210:5)\n    at ChildProcess.<anonymous> (/home/lindonjonson/.nvm/versions/node/v12.11.1/lib/node_modules/pnpm/lib/node_modules/@zkochan/npm-lifecycle/lib/spawn.js:55:14)\n    at ChildProcess.emit (events.js:210:5)\n    at maybeClose (internal/child_process.js:1021:16)\n    at Process.ChildProcess._handle.onexit (internal/child_process.js:283:5)"
    }
  }
}